mode: atomic
go.infratographer.com/loadbalancer-provider-haproxy/internal/ipam/handlers.go:12.88,15.2 1 1
go.infratographer.com/loadbalancer-provider-haproxy/internal/ipam/handlers.go:18.88,21.2 1 1
go.infratographer.com/loadbalancer-provider-haproxy/internal/loadbalancer/loadbalancer.go:13.161,17.26 3 4
go.infratographer.com/loadbalancer-provider-haproxy/internal/loadbalancer/loadbalancer.go:17.26,19.17 2 3
go.infratographer.com/loadbalancer-provider-haproxy/internal/loadbalancer/loadbalancer.go:19.17,22.4 2 1
go.infratographer.com/loadbalancer-provider-haproxy/internal/loadbalancer/loadbalancer.go:24.3,24.18 1 2
go.infratographer.com/loadbalancer-provider-haproxy/internal/loadbalancer/loadbalancer.go:27.2,27.15 1 3
go.infratographer.com/loadbalancer-provider-haproxy/internal/loadbalancer/loadbalancer.go:30.85,33.9 2 4
go.infratographer.com/loadbalancer-provider-haproxy/internal/loadbalancer/loadbalancer.go:34.33,38.9 3 2
go.infratographer.com/loadbalancer-provider-haproxy/internal/loadbalancer/loadbalancer.go:39.13,43.9 3 1
go.infratographer.com/loadbalancer-provider-haproxy/internal/loadbalancer/loadbalancer.go:44.10,46.9 2 1
go.infratographer.com/loadbalancer-provider-haproxy/internal/loadbalancer/loadbalancer.go:50.72,51.25 1 4
go.infratographer.com/loadbalancer-provider-haproxy/internal/loadbalancer/loadbalancer.go:51.25,52.29 1 2
go.infratographer.com/loadbalancer-provider-haproxy/internal/loadbalancer/loadbalancer.go:52.29,54.4 1 1
go.infratographer.com/loadbalancer-provider-haproxy/internal/loadbalancer/loadbalancer.go:57.2,59.19 2 3
go.infratographer.com/loadbalancer-provider-haproxy/internal/server/changes.go:8.87,9.93 1 1
go.infratographer.com/loadbalancer-provider-haproxy/internal/server/changes.go:9.93,11.3 1 0
go.infratographer.com/loadbalancer-provider-haproxy/internal/server/changes.go:13.2,13.12 1 1
go.infratographer.com/loadbalancer-provider-haproxy/internal/server/changes.go:16.87,17.93 1 1
go.infratographer.com/loadbalancer-provider-haproxy/internal/server/changes.go:17.93,19.3 1 0
go.infratographer.com/loadbalancer-provider-haproxy/internal/server/changes.go:21.2,21.12 1 1
go.infratographer.com/loadbalancer-provider-haproxy/internal/server/handlers.go:47.66,48.28 1 2
go.infratographer.com/loadbalancer-provider-haproxy/internal/server/handlers.go:48.28,50.17 2 4
go.infratographer.com/loadbalancer-provider-haproxy/internal/server/handlers.go:50.17,53.4 2 0
go.infratographer.com/loadbalancer-provider-haproxy/internal/server/handlers.go:55.3,55.92 1 4
go.infratographer.com/loadbalancer-provider-haproxy/internal/server/handlers.go:55.92,57.18 2 4
go.infratographer.com/loadbalancer-provider-haproxy/internal/server/handlers.go:57.18,60.5 2 0
go.infratographer.com/loadbalancer-provider-haproxy/internal/server/handlers.go:62.4,62.42 1 4
go.infratographer.com/loadbalancer-provider-haproxy/internal/server/handlers.go:62.42,63.12 1 4
go.infratographer.com/loadbalancer-provider-haproxy/internal/server/handlers.go:64.93,67.66 2 1
go.infratographer.com/loadbalancer-provider-haproxy/internal/server/handlers.go:67.66,70.7 2 0
go.infratographer.com/loadbalancer-provider-haproxy/internal/server/handlers.go:71.93,74.66 2 1
go.infratographer.com/loadbalancer-provider-haproxy/internal/server/handlers.go:74.66,77.7 2 0
go.infratographer.com/loadbalancer-provider-haproxy/internal/server/handlers.go:78.13,79.107 1 2
go.infratographer.com/loadbalancer-provider-haproxy/internal/server/handlers.go:85.3,85.12 1 4
go.infratographer.com/loadbalancer-provider-haproxy/internal/server/handlers.go:89.56,90.32 1 7
go.infratographer.com/loadbalancer-provider-haproxy/internal/server/handlers.go:90.32,91.39 1 8
go.infratographer.com/loadbalancer-provider-haproxy/internal/server/handlers.go:91.39,93.4 1 5
go.infratographer.com/loadbalancer-provider-haproxy/internal/server/handlers.go:96.2,96.14 1 2
go.infratographer.com/loadbalancer-provider-haproxy/internal/server/server.go:28.49,29.12 1 1
go.infratographer.com/loadbalancer-provider-haproxy/internal/server/server.go:29.12,30.38 1 1
go.infratographer.com/loadbalancer-provider-haproxy/internal/server/server.go:30.38,32.4 1 0
go.infratographer.com/loadbalancer-provider-haproxy/internal/server/server.go:35.2,37.49 2 1
go.infratographer.com/loadbalancer-provider-haproxy/internal/server/server.go:37.49,40.3 2 0
go.infratographer.com/loadbalancer-provider-haproxy/internal/server/server.go:42.2,42.38 1 1
go.infratographer.com/loadbalancer-provider-haproxy/internal/server/server.go:42.38,44.3 1 1
go.infratographer.com/loadbalancer-provider-haproxy/internal/server/server.go:46.2,46.12 1 1
go.infratographer.com/loadbalancer-provider-haproxy/internal/server/server.go:49.47,52.33 2 2
go.infratographer.com/loadbalancer-provider-haproxy/internal/server/server.go:52.33,56.17 3 2
go.infratographer.com/loadbalancer-provider-haproxy/internal/server/server.go:56.17,59.4 2 0
go.infratographer.com/loadbalancer-provider-haproxy/internal/server/server.go:61.3,62.17 2 2
go.infratographer.com/loadbalancer-provider-haproxy/internal/server/server.go:62.17,65.4 2 0
go.infratographer.com/loadbalancer-provider-haproxy/internal/server/server.go:67.3,67.21 1 2
go.infratographer.com/loadbalancer-provider-haproxy/internal/server/server.go:70.2,72.12 2 2
